TN:
SF:build.ts
FN:9,walk
FNF:1
FNH:0
FNDA:0,walk
DA:1,1
DA:2,1
DA:3,1
DA:4,1
DA:5,1
DA:6,1
DA:7,1
DA:8,1
DA:9,0
DA:10,0
DA:11,0
DA:12,0
DA:13,0
DA:14,0
DA:15,0
DA:16,0
DA:17,0
DA:18,0
DA:19,0
DA:20,0
DA:21,0
DA:22,1
DA:23,1
DA:24,0
DA:25,0
DA:26,0
DA:27,0
DA:28,0
DA:29,0
DA:30,0
DA:31,0
DA:32,0
DA:33,0
DA:34,0
DA:35,0
DA:36,0
DA:37,0
DA:38,0
DA:39,0
DA:40,0
LF:40
LH:10
BRDA:23,0,0,0
BRDA:24,1,0,0
BRF:2
BRH:0
end_of_record
TN:
SF:event.ts
FN:26,getValidateFn
FN:33,toJSON
FN:49,fromJSON
FNF:3
FNH:3
FNDA:6,getValidateFn
FNDA:1,toJSON
FNDA:6,fromJSON
DA:1,1
DA:2,1
DA:3,1
DA:4,1
DA:5,1
DA:6,1
DA:7,1
DA:8,1
DA:9,1
DA:10,1
DA:11,1
DA:12,9
DA:13,9
DA:14,9
DA:15,1
DA:16,1
DA:17,1
DA:18,1
DA:19,1
DA:20,1
DA:21,1
DA:22,1
DA:23,1
DA:24,1
DA:25,1
DA:26,6
DA:27,6
DA:28,6
DA:29,6
DA:30,5
DA:31,5
DA:32,1
DA:33,1
DA:34,1
DA:35,1
DA:36,1
DA:37,1
DA:38,1
DA:39,1
DA:40,1
DA:41,1
DA:42,1
DA:43,1
DA:44,0
DA:45,0
DA:46,1
DA:47,1
DA:48,1
DA:49,6
DA:50,6
DA:51,6
DA:52,5
DA:53,5
DA:54,3
DA:55,3
DA:56,1
DA:57,6
DA:58,1
DA:59,1
DA:60,6
LF:60
LH:58
BRDA:11,0,0,9
BRDA:26,1,0,6
BRDA:29,2,0,1
BRDA:30,3,0,5
BRDA:33,4,0,1
BRDA:43,5,0,0
BRDA:49,6,0,6
BRDA:51,7,0,5
BRDA:51,8,0,5
BRDA:53,9,0,3
BRDA:56,10,0,1
BRDA:57,11,0,1
BRF:12
BRH:11
end_of_record
